Using pre-set license
Built from '2022.3/release' branch; Version is '2022.3.12f1 (4fe6e059c7ef) revision 5236448'; Using compiler version '192829333'; Build Type 'Release'
OS: 'Windows 10  (10.0.19044) 64bit Professional' Language: 'en' Physical Memory: 16319 MB
BatchMode: 1, IsHumanControllingUs: 0, StartBugReporterOnCrash: 0, Is64bit: 1, IsPro: 1

COMMAND LINE ARGUMENTS:
D:\chuong trinh\Unity\Unity Progames\2022.3.12f1\Editor\Unity.exe
-adb2
-batchMode
-noUpm
-name
AssetImportWorker1
-projectPath
D:/IceBall/Digital/Digital
-logFile
Logs/AssetImportWorker1.log
-srvPort
54565
Successfully changed project path to: D:/IceBall/Digital/Digital
D:/IceBall/Digital/Digital
[UnityMemory] Configuration Parameters - Can be set up in boot.config
    "memorysetup-bucket-allocator-granularity=16"
    "memorysetup-bucket-allocator-bucket-count=8"
    "memorysetup-bucket-allocator-block-size=33554432"
    "memorysetup-bucket-allocator-block-count=8"
    "memorysetup-main-allocator-block-size=16777216"
    "memorysetup-thread-allocator-block-size=16777216"
    "memorysetup-gfx-main-allocator-block-size=16777216"
    "memorysetup-gfx-thread-allocator-block-size=16777216"
    "memorysetup-cache-allocator-block-size=4194304"
    "memorysetup-typetree-allocator-block-size=2097152"
    "memorysetup-profiler-bucket-allocator-granularity=16"
    "memorysetup-profiler-bucket-allocator-bucket-count=8"
    "memorysetup-profiler-bucket-allocator-block-size=33554432"
    "memorysetup-profiler-bucket-allocator-block-count=8"
    "memorysetup-profiler-allocator-block-size=16777216"
    "memorysetup-profiler-editor-allocator-block-size=1048576"
    "memorysetup-temp-allocator-size-main=16777216"
    "memorysetup-job-temp-allocator-block-size=2097152"
    "memorysetup-job-temp-allocator-block-size-background=1048576"
    "memorysetup-job-temp-allocator-reduction-small-platforms=262144"
    "memorysetup-allocator-temp-initial-block-size-main=262144"
    "memorysetup-allocator-temp-initial-block-size-worker=262144"
    "memorysetup-temp-allocator-size-background-worker=32768"
    "memorysetup-temp-allocator-size-job-worker=262144"
    "memorysetup-temp-allocator-size-preload-manager=33554432"
    "memorysetup-temp-allocator-size-nav-mesh-worker=65536"
    "memorysetup-temp-allocator-size-audio-worker=65536"
    "memorysetup-temp-allocator-size-cloud-worker=32768"
    "memorysetup-temp-allocator-size-gi-baking-worker=262144"
    "memorysetup-temp-allocator-size-gfx=262144"
Player connection [13408] Host "[IP] 192.168.1.4 [Port] 0 [Flags] 2 [Guid] 3081132924 [EditorId] 3081132924 [Version] 1048832 [Id] WindowsEditor(7,DESKTOP-QID9J37) [Debug] 1 [PackageName] WindowsEditor [ProjectName] Editor" joined multi-casting on [225.0.0.222:54997]...

Player connection [13408] Host "[IP] 192.168.1.4 [Port] 0 [Flags] 2 [Guid] 3081132924 [EditorId] 3081132924 [Version] 1048832 [Id] WindowsEditor(7,DESKTOP-QID9J37) [Debug] 1 [PackageName] WindowsEditor [ProjectName] Editor" joined alternative multi-casting on [225.0.0.222:34997]...

[Physics::Module] Initialized MultithreadedJobDispatcher with 5 workers.
Refreshing native plugins compatible for Editor in 9.57 ms, found 3 plugins.
Preloading 0 native plugins for Editor in 0.00 ms.
Initialize engine version: 2022.3.12f1 (4fe6e059c7ef)
[Subsystems] Discovering subsystems at path D:/chuong trinh/Unity/Unity Progames/2022.3.12f1/Editor/Data/Resources/UnitySubsystems
[Subsystems] Discovering subsystems at path D:/IceBall/Digital/Digital/Assets
GfxDevice: creating device client; threaded=0; jobified=0
Direct3D:
    Version:  Direct3D 11.0 [level 11.1]
    Renderer: NVIDIA GeForce GTX 1050 Ti (ID=0x1c82)
    Vendor:   NVIDIA
    VRAM:     4017 MB
    Driver:   31.0.15.2737
Initialize mono
Mono path[0] = 'D:/chuong trinh/Unity/Unity Progames/2022.3.12f1/Editor/Data/Managed'
Mono path[1] = 'D:/chuong trinh/Unity/Unity Progames/2022.3.12f1/Editor/Data/MonoBleedingEdge/lib/mono/unityjit-win32'
Mono config path = 'D:/chuong trinh/Unity/Unity Progames/2022.3.12f1/Editor/Data/MonoBleedingEdge/etc'
Using monoOptions --debugger-agent=transport=dt_socket,embedding=1,server=y,suspend=n,address=127.0.0.1:56252
Begin MonoManager ReloadAssembly
Registering precompiled unity dll's ...
Register platform support module: D:/chuong trinh/Unity/Unity Progames/2022.3.12f1/Editor/Data/PlaybackEngines/WebGLSupport/UnityEditor.WebGL.Extensions.dll
Register platform support module: D:/chuong trinh/Unity/Unity Progames/2022.3.12f1/Editor/Data/PlaybackEngines/AndroidPlayer/UnityEditor.Android.Extensions.dll
Register platform support module: D:/chuong trinh/Unity/Unity Progames/2022.3.12f1/Editor/Data/PlaybackEngines/WindowsStandaloneSupport/UnityEditor.WindowsStandalone.Extensions.dll
Registered in 0.010478 seconds.
- Loaded All Assemblies, in  0.497 seconds
Native extension for WindowsStandalone target not found
Native extension for Android target not found
Android Extension - Scanning For ADB Devices 473 ms
Native extension for WebGL target not found
Mono: successfully reloaded assembly
- Finished resetting the current domain, in  0.948 seconds
Domain Reload Profiling: 1445ms
	BeginReloadAssembly (181ms)
		ExecutionOrderSort (0ms)
		DisableScriptedObjects (0ms)
		BackupInstance (0ms)
		ReleaseScriptingObjects (0ms)
		CreateAndSetChildDomain (1ms)
	RebuildCommonClasses (44ms)
	RebuildNativeTypeToScriptingClass (15ms)
	initialDomainReloadingComplete (69ms)
	LoadAllAssembliesAndSetupDomain (187ms)
		LoadAssemblies (182ms)
		RebuildTransferFunctionScriptingTraits (0ms)
		AnalyzeDomain (184ms)
			TypeCache.Refresh (182ms)
				TypeCache.ScanAssembly (166ms)
			ScanForSourceGeneratedMonoScriptInfo (0ms)
			ResolveRequiredComponents (0ms)
	FinalizeReload (949ms)
		ReleaseScriptCaches (0ms)
		RebuildScriptCaches (0ms)
		SetupLoadedEditorAssemblies (855ms)
			LogAssemblyErrors (0ms)
			InitializePlatformSupportModulesInManaged (611ms)
			SetLoadedEditorAssemblies (6ms)
			RefreshPlugins (0ms)
			BeforeProcessingInitializeOnLoad (3ms)
			ProcessInitializeOnLoadAttributes (156ms)
			ProcessInitializeOnLoadMethodAttributes (80ms)
			AfterProcessingInitializeOnLoad (0ms)
			EditorAssembliesLoaded (0ms)
		ExecutionOrderSort2 (0ms)
		AwakeInstancesAfterBackupRestoration (0ms)
========================================================================
Worker process is ready to serve import requests
Begin MonoManager ReloadAssembly
- Loaded All Assemblies, in  0.876 seconds
Refreshing native plugins compatible for Editor in 2.40 ms, found 3 plugins.
Native extension for WindowsStandalone target not found
Native extension for Android target not found
Native extension for WebGL target not found
Package Manager log level set to [2]
[Package Manager] Server::EnsureServerProcessIsRunning -- launch failed, reason: Unity was launched with the -noUpm command-line argument
[Package Manager] UpmClient::Send -- Unable to send message (not connected to UPM process).
[Package Manager] Cannot connect to Unity Package Manager local server
Mono: successfully reloaded assembly
- Finished resetting the current domain, in  0.643 seconds
Domain Reload Profiling: 1518ms
	BeginReloadAssembly (186ms)
		ExecutionOrderSort (0ms)
		DisableScriptedObjects (7ms)
		BackupInstance (0ms)
		ReleaseScriptingObjects (0ms)
		CreateAndSetChildDomain (30ms)
	RebuildCommonClasses (67ms)
	RebuildNativeTypeToScriptingClass (52ms)
	initialDomainReloadingComplete (50ms)
	LoadAllAssembliesAndSetupDomain (520ms)
		LoadAssemblies (385ms)
		RebuildTransferFunctionScriptingTraits (0ms)
		AnalyzeDomain (240ms)
			TypeCache.Refresh (212ms)
				TypeCache.ScanAssembly (192ms)
			ScanForSourceGeneratedMonoScriptInfo (20ms)
			ResolveRequiredComponents (6ms)
	FinalizeReload (643ms)
		ReleaseScriptCaches (0ms)
		RebuildScriptCaches (0ms)
		SetupLoadedEditorAssemblies (455ms)
			LogAssemblyErrors (0ms)
			InitializePlatformSupportModulesInManaged (27ms)
			SetLoadedEditorAssemblies (5ms)
			RefreshPlugins (0ms)
			BeforeProcessingInitializeOnLoad (65ms)
			ProcessInitializeOnLoadAttributes (330ms)
			ProcessInitializeOnLoadMethodAttributes (23ms)
			AfterProcessingInitializeOnLoad (4ms)
			EditorAssembliesLoaded (0ms)
		ExecutionOrderSort2 (0ms)
		AwakeInstancesAfterBackupRestoration (7ms)
Launched and connected shader compiler UnityShaderCompiler.exe after 0.08 seconds
Refreshing native plugins compatible for Editor in 2.47 ms, found 3 plugins.
Preloading 0 native plugins for Editor in 0.00 ms.
Unloading 3197 Unused Serialized files (Serialized files now loaded: 0)
Unloading 35 unused Assets / (57.6 KB). Loaded Objects now: 3665.
Memory consumption went from 135.3 MB to 135.2 MB.
Total: 17.247300 ms (FindLiveObjects: 0.843800 ms CreateObjectMapping: 0.328400 ms MarkObjects: 15.967400 ms  DeleteObjects: 0.106500 ms)

AssetImportParameters requested are different than current active one (requested -> active):
  custom:container-demuxer-ogg: 62fdf1f143b41e24485cea50d1cbac27 -> 
  custom:video-decoder-ogg-theora: a1e56fd34408186e4bbccfd4996cb3dc -> 
  custom:framework-win-MediaFoundation: 216162199b28c13a410421893ffa2e32 -> 
  custom:CustomObjectIndexerAttribute: 756ad292c208cfabdd7b50bc23989ffe -> 
  custom:container-demuxer-webm: 4f35f7cbe854078d1ac9338744f61a02 -> 
  custom:container-muxer-webm: aa71ff27fc2769a1b78a27578f13a17b -> 
  custom:video-decoder-webm-vp8: 9c59270c3fd7afecdb556c50c9e8de78 -> 
  custom:SearchIndexIgnoredProperties: e643bd26f0fe6173181afceb89e7c659 -> 
  custom:AudioImporter_EditorPlatform: d09bf68614088b80899f8185d706f6e7 -> 
  custom:video-encoder-webm-vp8: eb34c28f22e8b96e1ab97ce403110664 -> 
  custom:audio-decoder-ogg-vorbis: bf7c407c2cedff20999df2af8eb42d56 -> 
  custom:audio-encoder-webm-vorbis: bf7c407c2cedff20999df2af8eb42d56 -> 
========================================================================
Received Import Request.
  Time since last request: 100074.013771 seconds.
  path: Assets/UI_viAct/iconoir_message-text-solid.png
  artifactKey: Guid(a718b590b1159414c9fb25bf0389a128) Importer(815301076,1909f56bfc062723c751e8b465ee728b)
Start importing Assets/UI_viAct/iconoir_message-text-solid.png using Guid(a718b590b1159414c9fb25bf0389a128) Importer(815301076,1909f56bfc062723c751e8b465ee728b)  -> (artifact id: '15c21dfd65f070d916e2bd50a886d48e') in 0.317464 seconds
Number of updated asset objects reloaded before import = 0
Number of asset objects unloaded after import = 3
========================================================================
Received Import Request.
  Time since last request: 0.000034 seconds.
  path: Assets/UI_viAct/Event Type.png
  artifactKey: Guid(3b52a0a7176791044b76668751f00a7a) Importer(815301076,1909f56bfc062723c751e8b465ee728b)
Start importing Assets/UI_viAct/Event Type.png using Guid(3b52a0a7176791044b76668751f00a7a) Importer(815301076,1909f56bfc062723c751e8b465ee728b)  -> (artifact id: '6daad29a347ef85e446f84c09150e142') in 0.026295 seconds
Number of updated asset objects reloaded before import = 0
Number of asset objects unloaded after import = 3
========================================================================
Received Import Request.
  Time since last request: 0.000014 seconds.
  path: Assets/UI_viAct/Event Type (2).png
  artifactKey: Guid(592869e2f4176ef4984cee81c57f7b24) Importer(815301076,1909f56bfc062723c751e8b465ee728b)
Start importing Assets/UI_viAct/Event Type (2).png using Guid(592869e2f4176ef4984cee81c57f7b24) Importer(815301076,1909f56bfc062723c751e8b465ee728b)  -> (artifact id: 'e930c5f70020b8e613bf5b7fa5e2b32e') in 0.027349 seconds
Number of updated asset objects reloaded before import = 0
Number of asset objects unloaded after import = 3
========================================================================
Received Import Request.
  Time since last request: 0.000153 seconds.
  path: Assets/UI_viAct/Event Type (3).png
  artifactKey: Guid(404b86a669e8cea41933e0753f5a33a5) Importer(815301076,1909f56bfc062723c751e8b465ee728b)
Start importing Assets/UI_viAct/Event Type (3).png using Guid(404b86a669e8cea41933e0753f5a33a5) Importer(815301076,1909f56bfc062723c751e8b465ee728b)  -> (artifact id: '85313000c6e5a1ddf5fdbbbfae5ffacc') in 0.030375 seconds
Number of updated asset objects reloaded before import = 0
Number of asset objects unloaded after import = 3
========================================================================
Received Import Request.
  Time since last request: 0.000884 seconds.
  path: Assets/UI_viAct/Ellipse 10.png
  artifactKey: Guid(65eb4fe8c85e2ae46bc33171256de0b9) Importer(815301076,1909f56bfc062723c751e8b465ee728b)
Start importing Assets/UI_viAct/Ellipse 10.png using Guid(65eb4fe8c85e2ae46bc33171256de0b9) Importer(815301076,1909f56bfc062723c751e8b465ee728b)  -> (artifact id: 'cf3294d238670a14bff9be6d58b46463') in 0.056622 seconds
Number of updated asset objects reloaded before import = 0
Number of asset objects unloaded after import = 3
========================================================================
Received Import Request.
  Time since last request: 0.000013 seconds.
  path: Assets/UI_viAct/Grid_Y.png
  artifactKey: Guid(73b3470c2b88b6540b67e8921054669e) Importer(815301076,1909f56bfc062723c751e8b465ee728b)
Start importing Assets/UI_viAct/Grid_Y.png using Guid(73b3470c2b88b6540b67e8921054669e) Importer(815301076,1909f56bfc062723c751e8b465ee728b)  -> (artifact id: '20f77e10edf1b062a092816d407aa3f0') in 0.024677 seconds
Number of updated asset objects reloaded before import = 0
Number of asset objects unloaded after import = 3
========================================================================
Received Import Request.
  Time since last request: 0.000150 seconds.
  path: Assets/UI_viAct/01_sunny_color_w512.png
  artifactKey: Guid(7bbd225f290bbfa498a18d2abec2e273) Importer(815301076,1909f56bfc062723c751e8b465ee728b)
Start importing Assets/UI_viAct/01_sunny_color_w512.png using Guid(7bbd225f290bbfa498a18d2abec2e273) Importer(815301076,1909f56bfc062723c751e8b465ee728b)  -> (artifact id: 'e681e4828caaf65fc28c3750a9c7e853') in 0.036054 seconds
Number of updated asset objects reloaded before import = 0
Number of asset objects unloaded after import = 2
========================================================================
Received Import Request.
  Time since last request: 0.000014 seconds.
  path: Assets/UI_viAct/09_light_rain_color.png
  artifactKey: Guid(12fdf6ea064adf44fb068cd3df8dd9f1) Importer(815301076,1909f56bfc062723c751e8b465ee728b)
Start importing Assets/UI_viAct/09_light_rain_color.png using Guid(12fdf6ea064adf44fb068cd3df8dd9f1) Importer(815301076,1909f56bfc062723c751e8b465ee728b)  -> (artifact id: '2275af8835eb3575c9c8f507a8d99057') in 0.033472 seconds
Number of updated asset objects reloaded before import = 0
Number of asset objects unloaded after import = 3
========================================================================
Received Import Request.
  Time since last request: 0.000130 seconds.
  path: Assets/UI_viAct/01_sunny_color.png
  artifactKey: Guid(fbd9788da694007408156d62c98320bd) Importer(815301076,1909f56bfc062723c751e8b465ee728b)
Start importing Assets/UI_viAct/01_sunny_color.png using Guid(fbd9788da694007408156d62c98320bd) Importer(815301076,1909f56bfc062723c751e8b465ee728b)  -> (artifact id: 'f1a603ea2672d45ad7712001975f4dfb') in 0.037513 seconds
Number of updated asset objects reloaded before import = 0
Number of asset objects unloaded after import = 3
========================================================================
Received Import Request.
  Time since last request: 0.000014 seconds.
  path: Assets/UI_viAct/1.png
  artifactKey: Guid(103f9495a4914ae439e65e124ac349af) Importer(815301076,1909f56bfc062723c751e8b465ee728b)
Start importing Assets/UI_viAct/1.png using Guid(103f9495a4914ae439e65e124ac349af) Importer(815301076,1909f56bfc062723c751e8b465ee728b)  -> (artifact id: 'ed446182cc6f843af089658a09c8df4e') in 0.050757 seconds
Number of updated asset objects reloaded before import = 0
Number of asset objects unloaded after import = 3
========================================================================
Received Import Request.
  Time since last request: 0.000112 seconds.
  path: Assets/UI_viAct/Event Type (1).png
  artifactKey: Guid(8e9e1818e49606445a54a6f6bbb9eb35) Importer(815301076,1909f56bfc062723c751e8b465ee728b)
Start importing Assets/UI_viAct/Event Type (1).png using Guid(8e9e1818e49606445a54a6f6bbb9eb35) Importer(815301076,1909f56bfc062723c751e8b465ee728b)  -> (artifact id: '6ae2187278caae2d257248dbdf8c8066') in 0.013768 seconds
Number of updated asset objects reloaded before import = 0
Number of asset objects unloaded after import = 3
========================================================================
Received Import Request.
  Time since last request: 0.000016 seconds.
  path: Assets/UI_viAct/Ellipse 389.png
  artifactKey: Guid(49ab08ec799d87c41a15a575191cd92a) Importer(815301076,1909f56bfc062723c751e8b465ee728b)
Start importing Assets/UI_viAct/Ellipse 389.png using Guid(49ab08ec799d87c41a15a575191cd92a) Importer(815301076,1909f56bfc062723c751e8b465ee728b)  -> (artifact id: '80e0f178d6a666990642c8ccf12a272b') in 0.047249 seconds
Number of updated asset objects reloaded before import = 0
Number of asset objects unloaded after import = 3
========================================================================
Received Import Request.
  Time since last request: 0.000015 seconds.
  path: Assets/UI_viAct/Frame (2).png
  artifactKey: Guid(dc19d2028f5b39c44924dba46a1f1c20) Importer(815301076,1909f56bfc062723c751e8b465ee728b)
Start importing Assets/UI_viAct/Frame (2).png using Guid(dc19d2028f5b39c44924dba46a1f1c20) Importer(815301076,1909f56bfc062723c751e8b465ee728b)  -> (artifact id: 'a72d9c528d01838b6c7693493f8b1253') in 0.016546 seconds
Number of updated asset objects reloaded before import = 0
Number of asset objects unloaded after import = 3
========================================================================
Received Import Request.
  Time since last request: 0.000015 seconds.
  path: Assets/UI_viAct/Ellipse 957.png
  artifactKey: Guid(38c7debd2d396224ca75f6266dce51a8) Importer(815301076,1909f56bfc062723c751e8b465ee728b)
Start importing Assets/UI_viAct/Ellipse 957.png using Guid(38c7debd2d396224ca75f6266dce51a8) Importer(815301076,1909f56bfc062723c751e8b465ee728b)  -> (artifact id: '3047139739b58ae7f519a3e36fdf1fe9') in 0.016316 seconds
Number of updated asset objects reloaded before import = 0
Number of asset objects unloaded after import = 3
========================================================================
Received Import Request.
  Time since last request: 0.000015 seconds.
  path: Assets/UI_viAct/Ellipse 9.png
  artifactKey: Guid(e100345a5af8e63468e09caf3307865f) Importer(815301076,1909f56bfc062723c751e8b465ee728b)
Start importing Assets/UI_viAct/Ellipse 9.png using Guid(e100345a5af8e63468e09caf3307865f) Importer(815301076,1909f56bfc062723c751e8b465ee728b)  -> (artifact id: '99f45254082da11f59624dc4b5127b31') in 0.019863 seconds
Number of updated asset objects reloaded before import = 0
Number of asset objects unloaded after import = 3
========================================================================
Received Import Request.
  Time since last request: 0.000020 seconds.
  path: Assets/UI_viAct/Ellipse 391.png
  artifactKey: Guid(24a1238996515094a8adc6d5c277c49c) Importer(815301076,1909f56bfc062723c751e8b465ee728b)
Start importing Assets/UI_viAct/Ellipse 391.png using Guid(24a1238996515094a8adc6d5c277c49c) Importer(815301076,1909f56bfc062723c751e8b465ee728b)  -> (artifact id: '326e33467a7bebd044f60fb8f3c06d49') in 0.017715 seconds
Number of updated asset objects reloaded before import = 0
Number of asset objects unloaded after import = 3
Editor requested this worker to shutdown with reason: Scaling down because of idle timeout
TcpMessagingSession - receive error: operation aborted. errorcode: 995, details: The I/O operation has been aborted because of either a thread exit or an application request.
AssetImportWorker is now disconnected from the server
Process exiting
Exiting without the bug reporter. Application will terminate with return code 0