Using pre-set license
Built from '2022.3/release' branch; Version is '2022.3.12f1 (4fe6e059c7ef) revision 5236448'; Using compiler version '192829333'; Build Type 'Release'
OS: 'Windows 10  (10.0.19044) 64bit Professional' Language: 'en' Physical Memory: 16319 MB
BatchMode: 1, IsHumanControllingUs: 0, StartBugReporterOnCrash: 0, Is64bit: 1, IsPro: 1

COMMAND LINE ARGUMENTS:
D:\chuong trinh\Unity\Unity Progames\2022.3.12f1\Editor\Unity.exe
-adb2
-batchMode
-noUpm
-name
AssetImportWorker3
-projectPath
D:/IceBall/Digital/Digital
-logFile
Logs/AssetImportWorker3.log
-srvPort
54565
Successfully changed project path to: D:/IceBall/Digital/Digital
D:/IceBall/Digital/Digital
[UnityMemory] Configuration Parameters - Can be set up in boot.config
    "memorysetup-bucket-allocator-granularity=16"
    "memorysetup-bucket-allocator-bucket-count=8"
    "memorysetup-bucket-allocator-block-size=33554432"
    "memorysetup-bucket-allocator-block-count=8"
    "memorysetup-main-allocator-block-size=16777216"
    "memorysetup-thread-allocator-block-size=16777216"
    "memorysetup-gfx-main-allocator-block-size=16777216"
    "memorysetup-gfx-thread-allocator-block-size=16777216"
    "memorysetup-cache-allocator-block-size=4194304"
    "memorysetup-typetree-allocator-block-size=2097152"
    "memorysetup-profiler-bucket-allocator-granularity=16"
    "memorysetup-profiler-bucket-allocator-bucket-count=8"
    "memorysetup-profiler-bucket-allocator-block-size=33554432"
    "memorysetup-profiler-bucket-allocator-block-count=8"
    "memorysetup-profiler-allocator-block-size=16777216"
    "memorysetup-profiler-editor-allocator-block-size=1048576"
    "memorysetup-temp-allocator-size-main=16777216"
    "memorysetup-job-temp-allocator-block-size=2097152"
    "memorysetup-job-temp-allocator-block-size-background=1048576"
    "memorysetup-job-temp-allocator-reduction-small-platforms=262144"
    "memorysetup-allocator-temp-initial-block-size-main=262144"
    "memorysetup-allocator-temp-initial-block-size-worker=262144"
    "memorysetup-temp-allocator-size-background-worker=32768"
    "memorysetup-temp-allocator-size-job-worker=262144"
    "memorysetup-temp-allocator-size-preload-manager=33554432"
    "memorysetup-temp-allocator-size-nav-mesh-worker=65536"
    "memorysetup-temp-allocator-size-audio-worker=65536"
    "memorysetup-temp-allocator-size-cloud-worker=32768"
    "memorysetup-temp-allocator-size-gi-baking-worker=262144"
    "memorysetup-temp-allocator-size-gfx=262144"
Player connection [2356] Host "[IP] 192.168.1.4 [Port] 0 [Flags] 2 [Guid] 3146241445 [EditorId] 3146241445 [Version] 1048832 [Id] WindowsEditor(7,DESKTOP-QID9J37) [Debug] 1 [PackageName] WindowsEditor [ProjectName] Editor" joined multi-casting on [225.0.0.222:54997]...

Player connection [2356] Host "[IP] 192.168.1.4 [Port] 0 [Flags] 2 [Guid] 3146241445 [EditorId] 3146241445 [Version] 1048832 [Id] WindowsEditor(7,DESKTOP-QID9J37) [Debug] 1 [PackageName] WindowsEditor [ProjectName] Editor" joined alternative multi-casting on [225.0.0.222:34997]...

[Physics::Module] Initialized MultithreadedJobDispatcher with 5 workers.
Refreshing native plugins compatible for Editor in 12.66 ms, found 3 plugins.
Preloading 0 native plugins for Editor in 0.00 ms.
Initialize engine version: 2022.3.12f1 (4fe6e059c7ef)
[Subsystems] Discovering subsystems at path D:/chuong trinh/Unity/Unity Progames/2022.3.12f1/Editor/Data/Resources/UnitySubsystems
[Subsystems] Discovering subsystems at path D:/IceBall/Digital/Digital/Assets
GfxDevice: creating device client; threaded=0; jobified=0
Direct3D:
    Version:  Direct3D 11.0 [level 11.1]
    Renderer: NVIDIA GeForce GTX 1050 Ti (ID=0x1c82)
    Vendor:   NVIDIA
    VRAM:     4017 MB
    Driver:   31.0.15.2737
Initialize mono
Mono path[0] = 'D:/chuong trinh/Unity/Unity Progames/2022.3.12f1/Editor/Data/Managed'
Mono path[1] = 'D:/chuong trinh/Unity/Unity Progames/2022.3.12f1/Editor/Data/MonoBleedingEdge/lib/mono/unityjit-win32'
Mono config path = 'D:/chuong trinh/Unity/Unity Progames/2022.3.12f1/Editor/Data/MonoBleedingEdge/etc'
Using monoOptions --debugger-agent=transport=dt_socket,embedding=1,server=y,suspend=n,address=127.0.0.1:56944
Begin MonoManager ReloadAssembly
Registering precompiled unity dll's ...
Register platform support module: D:/chuong trinh/Unity/Unity Progames/2022.3.12f1/Editor/Data/PlaybackEngines/WebGLSupport/UnityEditor.WebGL.Extensions.dll
Register platform support module: D:/chuong trinh/Unity/Unity Progames/2022.3.12f1/Editor/Data/PlaybackEngines/AndroidPlayer/UnityEditor.Android.Extensions.dll
Register platform support module: D:/chuong trinh/Unity/Unity Progames/2022.3.12f1/Editor/Data/PlaybackEngines/WindowsStandaloneSupport/UnityEditor.WindowsStandalone.Extensions.dll
Registered in 0.010411 seconds.
- Loaded All Assemblies, in  0.506 seconds
Native extension for WindowsStandalone target not found
Native extension for Android target not found
Android Extension - Scanning For ADB Devices 456 ms
Native extension for WebGL target not found
Mono: successfully reloaded assembly
- Finished resetting the current domain, in  0.895 seconds
Domain Reload Profiling: 1401ms
	BeginReloadAssembly (187ms)
		ExecutionOrderSort (0ms)
		DisableScriptedObjects (0ms)
		BackupInstance (0ms)
		ReleaseScriptingObjects (0ms)
		CreateAndSetChildDomain (1ms)
	RebuildCommonClasses (44ms)
	RebuildNativeTypeToScriptingClass (17ms)
	initialDomainReloadingComplete (70ms)
	LoadAllAssembliesAndSetupDomain (188ms)
		LoadAssemblies (187ms)
		RebuildTransferFunctionScriptingTraits (0ms)
		AnalyzeDomain (185ms)
			TypeCache.Refresh (184ms)
				TypeCache.ScanAssembly (164ms)
			ScanForSourceGeneratedMonoScriptInfo (0ms)
			ResolveRequiredComponents (1ms)
	FinalizeReload (896ms)
		ReleaseScriptCaches (0ms)
		RebuildScriptCaches (0ms)
		SetupLoadedEditorAssemblies (801ms)
			LogAssemblyErrors (0ms)
			InitializePlatformSupportModulesInManaged (597ms)
			SetLoadedEditorAssemblies (5ms)
			RefreshPlugins (0ms)
			BeforeProcessingInitializeOnLoad (3ms)
			ProcessInitializeOnLoadAttributes (132ms)
			ProcessInitializeOnLoadMethodAttributes (65ms)
			AfterProcessingInitializeOnLoad (0ms)
			EditorAssembliesLoaded (0ms)
		ExecutionOrderSort2 (0ms)
		AwakeInstancesAfterBackupRestoration (0ms)
========================================================================
Worker process is ready to serve import requests
Begin MonoManager ReloadAssembly
- Loaded All Assemblies, in  0.893 seconds
Refreshing native plugins compatible for Editor in 2.57 ms, found 3 plugins.
Native extension for WindowsStandalone target not found
Native extension for Android target not found
Native extension for WebGL target not found
Package Manager log level set to [2]
[Package Manager] Server::EnsureServerProcessIsRunning -- launch failed, reason: Unity was launched with the -noUpm command-line argument
[Package Manager] UpmClient::Send -- Unable to send message (not connected to UPM process).
[Package Manager] Cannot connect to Unity Package Manager local server
Mono: successfully reloaded assembly
- Finished resetting the current domain, in  0.642 seconds
Domain Reload Profiling: 1534ms
	BeginReloadAssembly (179ms)
		ExecutionOrderSort (0ms)
		DisableScriptedObjects (7ms)
		BackupInstance (0ms)
		ReleaseScriptingObjects (0ms)
		CreateAndSetChildDomain (24ms)
	RebuildCommonClasses (43ms)
	RebuildNativeTypeToScriptingClass (21ms)
	initialDomainReloadingComplete (122ms)
	LoadAllAssembliesAndSetupDomain (528ms)
		LoadAssemblies (388ms)
		RebuildTransferFunctionScriptingTraits (0ms)
		AnalyzeDomain (245ms)
			TypeCache.Refresh (218ms)
				TypeCache.ScanAssembly (190ms)
			ScanForSourceGeneratedMonoScriptInfo (19ms)
			ResolveRequiredComponents (6ms)
	FinalizeReload (642ms)
		ReleaseScriptCaches (0ms)
		RebuildScriptCaches (0ms)
		SetupLoadedEditorAssemblies (451ms)
			LogAssemblyErrors (0ms)
			InitializePlatformSupportModulesInManaged (29ms)
			SetLoadedEditorAssemblies (4ms)
			RefreshPlugins (0ms)
			BeforeProcessingInitializeOnLoad (61ms)
			ProcessInitializeOnLoadAttributes (331ms)
			ProcessInitializeOnLoadMethodAttributes (23ms)
			AfterProcessingInitializeOnLoad (4ms)
			EditorAssembliesLoaded (0ms)
		ExecutionOrderSort2 (0ms)
		AwakeInstancesAfterBackupRestoration (9ms)
Launched and connected shader compiler UnityShaderCompiler.exe after 0.05 seconds
Refreshing native plugins compatible for Editor in 2.57 ms, found 3 plugins.
Preloading 0 native plugins for Editor in 0.00 ms.
Unloading 3197 Unused Serialized files (Serialized files now loaded: 0)
Unloading 35 unused Assets / (57.6 KB). Loaded Objects now: 3665.
Memory consumption went from 135.3 MB to 135.3 MB.
Total: 5.302300 ms (FindLiveObjects: 0.260600 ms CreateObjectMapping: 0.263700 ms MarkObjects: 4.493100 ms  DeleteObjects: 0.283500 ms)

AssetImportParameters requested are different than current active one (requested -> active):
  custom:container-demuxer-ogg: 62fdf1f143b41e24485cea50d1cbac27 -> 
  custom:video-decoder-ogg-theora: a1e56fd34408186e4bbccfd4996cb3dc -> 
  custom:framework-win-MediaFoundation: 216162199b28c13a410421893ffa2e32 -> 
  custom:CustomObjectIndexerAttribute: 756ad292c208cfabdd7b50bc23989ffe -> 
  custom:container-demuxer-webm: 4f35f7cbe854078d1ac9338744f61a02 -> 
  custom:container-muxer-webm: aa71ff27fc2769a1b78a27578f13a17b -> 
  custom:video-decoder-webm-vp8: 9c59270c3fd7afecdb556c50c9e8de78 -> 
  custom:SearchIndexIgnoredProperties: e643bd26f0fe6173181afceb89e7c659 -> 
  custom:AudioImporter_EditorPlatform: d09bf68614088b80899f8185d706f6e7 -> 
  custom:video-encoder-webm-vp8: eb34c28f22e8b96e1ab97ce403110664 -> 
  custom:audio-decoder-ogg-vorbis: bf7c407c2cedff20999df2af8eb42d56 -> 
  custom:audio-encoder-webm-vorbis: bf7c407c2cedff20999df2af8eb42d56 -> 
========================================================================
Received Import Request.
  Time since last request: 100073.942617 seconds.
  path: Assets/UI_viAct/Ellipse 4.png
  artifactKey: Guid(8613f8cffbfa50643ae06a350db3e7a6) Importer(815301076,1909f56bfc062723c751e8b465ee728b)
Start importing Assets/UI_viAct/Ellipse 4.png using Guid(8613f8cffbfa50643ae06a350db3e7a6) Importer(815301076,1909f56bfc062723c751e8b465ee728b)  -> (artifact id: 'b6c401d53adcd540111253c65c37b93a') in 0.426844 seconds
Number of updated asset objects reloaded before import = 0
Number of asset objects unloaded after import = 3
========================================================================
Received Import Request.
  Time since last request: 0.000026 seconds.
  path: Assets/UI_viAct/Ellipse 9 (1).png
  artifactKey: Guid(ee15254f4c289d34eb2feac9540ca1a5) Importer(815301076,1909f56bfc062723c751e8b465ee728b)
Start importing Assets/UI_viAct/Ellipse 9 (1).png using Guid(ee15254f4c289d34eb2feac9540ca1a5) Importer(815301076,1909f56bfc062723c751e8b465ee728b)  -> (artifact id: '73152dbbf724017986ea8969c61a158c') in 0.023412 seconds
Number of updated asset objects reloaded before import = 0
Number of asset objects unloaded after import = 3
========================================================================
Received Import Request.
  Time since last request: 0.000892 seconds.
  path: Assets/UI_viAct/Graphic.png
  artifactKey: Guid(7153e3381c95a3f4ba33a240e7e1d715) Importer(815301076,1909f56bfc062723c751e8b465ee728b)
Start importing Assets/UI_viAct/Graphic.png using Guid(7153e3381c95a3f4ba33a240e7e1d715) Importer(815301076,1909f56bfc062723c751e8b465ee728b)  -> (artifact id: 'a12457f2945e9bfe426c6d5ab91450d8') in 0.035855 seconds
Number of updated asset objects reloaded before import = 0
Number of asset objects unloaded after import = 3
========================================================================
Received Import Request.
  Time since last request: 0.000134 seconds.
  path: Assets/UI_viAct/Frame.png
  artifactKey: Guid(b4d2ffafdcad7e44ca0d3584604601ad) Importer(815301076,1909f56bfc062723c751e8b465ee728b)
Start importing Assets/UI_viAct/Frame.png using Guid(b4d2ffafdcad7e44ca0d3584604601ad) Importer(815301076,1909f56bfc062723c751e8b465ee728b)  -> (artifact id: 'b397f24fa0fdfa69872c831ad22f1b75') in 0.025155 seconds
Number of updated asset objects reloaded before import = 0
Number of asset objects unloaded after import = 3
========================================================================
Received Import Request.
  Time since last request: 0.000122 seconds.
  path: Assets/UI_viAct/38_blowing_sand_color.png
  artifactKey: Guid(e31ada91923e6554db1767ab466a631c) Importer(815301076,1909f56bfc062723c751e8b465ee728b)
Start importing Assets/UI_viAct/38_blowing_sand_color.png using Guid(e31ada91923e6554db1767ab466a631c) Importer(815301076,1909f56bfc062723c751e8b465ee728b)  -> (artifact id: 'ecad405b8e488701504a7b2ebef9a227') in 0.073672 seconds
Number of updated asset objects reloaded before import = 0
Number of asset objects unloaded after import = 3
========================================================================
Received Import Request.
  Time since last request: 0.000432 seconds.
  path: Assets/UI_viAct/Ellipse 11 (1).png
  artifactKey: Guid(5357bd2de27802a44a54922c201ce305) Importer(815301076,1909f56bfc062723c751e8b465ee728b)
Start importing Assets/UI_viAct/Ellipse 11 (1).png using Guid(5357bd2de27802a44a54922c201ce305) Importer(815301076,1909f56bfc062723c751e8b465ee728b)  -> (artifact id: 'd7a5619e1e77e253d8af0c37e8d9df1a') in 0.040188 seconds
Number of updated asset objects reloaded before import = 0
Number of asset objects unloaded after import = 3
========================================================================
Received Import Request.
  Time since last request: 0.000016 seconds.
  path: Assets/UI_viAct/bxs_cctv.png
  artifactKey: Guid(086684cefde489a46929f129728330af) Importer(815301076,1909f56bfc062723c751e8b465ee728b)
Start importing Assets/UI_viAct/bxs_cctv.png using Guid(086684cefde489a46929f129728330af) Importer(815301076,1909f56bfc062723c751e8b465ee728b)  -> (artifact id: '6e29e579f00edd631a1bb2882ab264a0') in 0.020070 seconds
Number of updated asset objects reloaded before import = 0
Number of asset objects unloaded after import = 3
========================================================================
Received Import Request.
  Time since last request: 0.000014 seconds.
  path: Assets/UI_viAct/Ellipse 11.png
  artifactKey: Guid(fd633bbb77b370744be3391718832ca1) Importer(815301076,1909f56bfc062723c751e8b465ee728b)
Start importing Assets/UI_viAct/Ellipse 11.png using Guid(fd633bbb77b370744be3391718832ca1) Importer(815301076,1909f56bfc062723c751e8b465ee728b)  -> (artifact id: '09a7dca971c11ad771931bdaa1948ac7') in 0.036317 seconds
Number of updated asset objects reloaded before import = 0
Number of asset objects unloaded after import = 3
========================================================================
Received Import Request.
  Time since last request: 0.000019 seconds.
  path: Assets/UI_viAct/Group 18.png
  artifactKey: Guid(df3e37fb888f0fe4dbe87c2807f9d471) Importer(815301076,1909f56bfc062723c751e8b465ee728b)
Start importing Assets/UI_viAct/Group 18.png using Guid(df3e37fb888f0fe4dbe87c2807f9d471) Importer(815301076,1909f56bfc062723c751e8b465ee728b)  -> (artifact id: 'dda381a8a71a95ce0ebb859dd79d9855') in 0.022113 seconds
Number of updated asset objects reloaded before import = 0
Number of asset objects unloaded after import = 3
========================================================================
Received Import Request.
  Time since last request: 0.000076 seconds.
  path: Assets/UI_viAct/Ellipse 5.png
  artifactKey: Guid(8c9d2e78fbcf41d4faffdcbea6a56311) Importer(815301076,1909f56bfc062723c751e8b465ee728b)
Start importing Assets/UI_viAct/Ellipse 5.png using Guid(8c9d2e78fbcf41d4faffdcbea6a56311) Importer(815301076,1909f56bfc062723c751e8b465ee728b)  -> (artifact id: '0827b86177fb2bb8c0ed8e8f8509597e') in 0.146500 seconds
Number of updated asset objects reloaded before import = 0
Number of asset objects unloaded after import = 3
========================================================================
Received Import Request.
  Time since last request: 114.278391 seconds.
  path: Assets/UI_viAct/Event Type (7).png
  artifactKey: Guid(9f34f40d401dc3749809cc36898b3983) Importer(815301076,1909f56bfc062723c751e8b465ee728b)
Start importing Assets/UI_viAct/Event Type (7).png using Guid(9f34f40d401dc3749809cc36898b3983) Importer(815301076,1909f56bfc062723c751e8b465ee728b)  -> (artifact id: 'fbca5a3cff369a78d3c0b2d64318779d') in 0.017463 seconds
Number of updated asset objects reloaded before import = 0
Number of asset objects unloaded after import = 2
========================================================================
Received Import Request.
  Time since last request: 0.000142 seconds.
  path: Assets/UI_viAct/Event Type (9).png
  artifactKey: Guid(6b99462e8955ca24ea365e67a3cb659f) Importer(815301076,1909f56bfc062723c751e8b465ee728b)
Start importing Assets/UI_viAct/Event Type (9).png using Guid(6b99462e8955ca24ea365e67a3cb659f) Importer(815301076,1909f56bfc062723c751e8b465ee728b)  -> (artifact id: '21ab40392d97c8bc71dc72aa14fa60c9') in 0.024927 seconds
Number of updated asset objects reloaded before import = 0
Number of asset objects unloaded after import = 2
========================================================================
Received Import Request.
  Time since last request: 170.476229 seconds.
  path: Assets/UI_viAct/Frame 427320228.png
  artifactKey: Guid(ff219d1b732d26f41837e1baf4025bbb) Importer(815301076,1909f56bfc062723c751e8b465ee728b)
Start importing Assets/UI_viAct/Frame 427320228.png using Guid(ff219d1b732d26f41837e1baf4025bbb) Importer(815301076,1909f56bfc062723c751e8b465ee728b)  -> (artifact id: 'c3914a2e12be5fc3e6c3155ddef1550c') in 0.042374 seconds
Number of updated asset objects reloaded before import = 0
Number of asset objects unloaded after import = 2
========================================================================
Received Import Request.
  Time since last request: 1.065902 seconds.
  path: Assets/UI_viAct/icon-park_more 1.png
  artifactKey: Guid(9ac7e2e61ab1e294ba5d61453d171e90) Importer(815301076,1909f56bfc062723c751e8b465ee728b)
Start importing Assets/UI_viAct/icon-park_more 1.png using Guid(9ac7e2e61ab1e294ba5d61453d171e90) Importer(815301076,1909f56bfc062723c751e8b465ee728b)  -> (artifact id: '9bef022bb6a55faa4d86628d1c7b6e1c') in 0.015109 seconds
Number of updated asset objects reloaded before import = 0
Number of asset objects unloaded after import = 2
========================================================================
Received Import Request.
  Time since last request: 4.072052 seconds.
  path: Assets/UI_viAct/Image (1).png
  artifactKey: Guid(5abf322d7b0fed6468a1f22685aa0c44) Importer(815301076,1909f56bfc062723c751e8b465ee728b)
Start importing Assets/UI_viAct/Image (1).png using Guid(5abf322d7b0fed6468a1f22685aa0c44) Importer(815301076,1909f56bfc062723c751e8b465ee728b)  -> (artifact id: '62f98bffceda2671d5ad047d65a524b7') in 0.033526 seconds
Number of updated asset objects reloaded before import = 0
Number of asset objects unloaded after import = 3
========================================================================
Received Import Request.
  Time since last request: 0.000022 seconds.
  path: Assets/UI_viAct/image 3.png
  artifactKey: Guid(7f8c0d7717bc0234c9c134796534352f) Importer(815301076,1909f56bfc062723c751e8b465ee728b)
Start importing Assets/UI_viAct/image 3.png using Guid(7f8c0d7717bc0234c9c134796534352f) Importer(815301076,1909f56bfc062723c751e8b465ee728b)  -> (artifact id: 'c0835450975a85ab80c3d9671f8c1e7f') in 0.016046 seconds
Number of updated asset objects reloaded before import = 0
Number of asset objects unloaded after import = 3
========================================================================
Received Import Request.
  Time since last request: 0.077624 seconds.
  path: Assets/UI_viAct/image 6 (1x).png
  artifactKey: Guid(0a720562fec3ce14fbb23f5c17a75a96) Importer(815301076,1909f56bfc062723c751e8b465ee728b)
Start importing Assets/UI_viAct/image 6 (1x).png using Guid(0a720562fec3ce14fbb23f5c17a75a96) Importer(815301076,1909f56bfc062723c751e8b465ee728b)  -> (artifact id: 'c2c082ebb880ffe40a48d757a1bd60c3') in 0.019880 seconds
Number of updated asset objects reloaded before import = 0
Number of asset objects unloaded after import = 3
========================================================================
Received Import Request.
  Time since last request: 0.011101 seconds.
  path: Assets/UI_viAct/image 7.png
  artifactKey: Guid(17b3c03c049b2c342940dc98205cf855) Importer(815301076,1909f56bfc062723c751e8b465ee728b)
Start importing Assets/UI_viAct/image 7.png using Guid(17b3c03c049b2c342940dc98205cf855) Importer(815301076,1909f56bfc062723c751e8b465ee728b)  -> (artifact id: '7aa80dd59c1d1b1239f183653a18f916') in 0.098154 seconds
Number of updated asset objects reloaded before import = 0
Number of asset objects unloaded after import = 2
========================================================================
Received Import Request.
  Time since last request: 0.000026 seconds.
  path: Assets/UI_viAct/image 308.png
  artifactKey: Guid(131f1fd95c89a414e80234f8dbad430e) Importer(815301076,1909f56bfc062723c751e8b465ee728b)
Start importing Assets/UI_viAct/image 308.png using Guid(131f1fd95c89a414e80234f8dbad430e) Importer(815301076,1909f56bfc062723c751e8b465ee728b)  -> (artifact id: '0bada1469aa17c326a12a9fcc8c2be6d') in 0.034650 seconds
Number of updated asset objects reloaded before import = 0
Number of asset objects unloaded after import = 3
========================================================================
Received Import Request.
  Time since last request: 1.997465 seconds.
  path: Assets/UI_viAct/image 310.png
  artifactKey: Guid(3d993e1a365cf694b93239afb58a1ee2) Importer(815301076,1909f56bfc062723c751e8b465ee728b)
Start importing Assets/UI_viAct/image 310.png using Guid(3d993e1a365cf694b93239afb58a1ee2) Importer(815301076,1909f56bfc062723c751e8b465ee728b)  -> (artifact id: '1314ba0575ea575c713d7f3a840eddb9') in 0.030836 seconds
Number of updated asset objects reloaded before import = 0
Number of asset objects unloaded after import = 3
========================================================================
Received Import Request.
  Time since last request: 0.000024 seconds.
  path: Assets/UI_viAct/image 312.png
  artifactKey: Guid(09d9e0fd2c22e654d9c092859e0de0a2) Importer(815301076,1909f56bfc062723c751e8b465ee728b)
Start importing Assets/UI_viAct/image 312.png using Guid(09d9e0fd2c22e654d9c092859e0de0a2) Importer(815301076,1909f56bfc062723c751e8b465ee728b)  -> (artifact id: 'ae8b387a2271ff2f4f325e60270c8c38') in 0.017360 seconds
Number of updated asset objects reloaded before import = 0
Number of asset objects unloaded after import = 3
========================================================================
Received Import Request.
  Time since last request: 0.001579 seconds.
  path: Assets/UI_viAct/image 316.png
  artifactKey: Guid(789b2c35e51fcba49aa47a03672883e2) Importer(815301076,1909f56bfc062723c751e8b465ee728b)
Start importing Assets/UI_viAct/image 316.png using Guid(789b2c35e51fcba49aa47a03672883e2) Importer(815301076,1909f56bfc062723c751e8b465ee728b)  -> (artifact id: '6dc623afca2a9e3946f9ea6ae1eab964') in 0.021732 seconds
Number of updated asset objects reloaded before import = 0
Number of asset objects unloaded after import = 3
========================================================================
Received Import Request.
  Time since last request: 0.027700 seconds.
  path: Assets/UI_viAct/image 319.png
  artifactKey: Guid(49a8e6c6f022a764e88d26657f1f4f5b) Importer(815301076,1909f56bfc062723c751e8b465ee728b)
Start importing Assets/UI_viAct/image 319.png using Guid(49a8e6c6f022a764e88d26657f1f4f5b) Importer(815301076,1909f56bfc062723c751e8b465ee728b)  -> (artifact id: 'bb53136472b9f7a20d4e172c76d029bd') in 0.033071 seconds
Number of updated asset objects reloaded before import = 0
Number of asset objects unloaded after import = 3
========================================================================
Received Import Request.
  Time since last request: 0.060733 seconds.
  path: Assets/UI_viAct/material-symbols_ecg-heart.png
  artifactKey: Guid(d0909c5421341974da96a33fcd609e62) Importer(815301076,1909f56bfc062723c751e8b465ee728b)
Start importing Assets/UI_viAct/material-symbols_ecg-heart.png using Guid(d0909c5421341974da96a33fcd609e62) Importer(815301076,1909f56bfc062723c751e8b465ee728b)  -> (artifact id: '42756fb5ee5a01cd75feb063ac839132') in 0.016251 seconds
Number of updated asset objects reloaded before import = 0
Number of asset objects unloaded after import = 3
========================================================================
Received Import Request.
  Time since last request: 0.000014 seconds.
  path: Assets/UI_viAct/mdi_menu-down.png
  artifactKey: Guid(0241f72fde4313f43beea1bf8ae290e3) Importer(815301076,1909f56bfc062723c751e8b465ee728b)
Start importing Assets/UI_viAct/mdi_menu-down.png using Guid(0241f72fde4313f43beea1bf8ae290e3) Importer(815301076,1909f56bfc062723c751e8b465ee728b)  -> (artifact id: '5bf6b076e6aeecad648dfda66a35b7b2') in 0.015577 seconds
Number of updated asset objects reloaded before import = 0
Number of asset objects unloaded after import = 3
========================================================================
Received Import Request.
  Time since last request: 0.352316 seconds.
  path: Assets/UI_viAct/Polygon 4.png
  artifactKey: Guid(e6aadfbf89423af4984ccc6cad349f28) Importer(815301076,1909f56bfc062723c751e8b465ee728b)
Start importing Assets/UI_viAct/Polygon 4.png using Guid(e6aadfbf89423af4984ccc6cad349f28) Importer(815301076,1909f56bfc062723c751e8b465ee728b)  -> (artifact id: 'f288a6714bd203707e2d0dc5d2d2929a') in 0.031252 seconds
Number of updated asset objects reloaded before import = 0
Number of asset objects unloaded after import = 3
========================================================================
Received Import Request.
  Time since last request: 0.005544 seconds.
  path: Assets/UI_viAct/Property 1=Default.png
  artifactKey: Guid(e9598ba259cdddf44a43cb1bfcff1d50) Importer(815301076,1909f56bfc062723c751e8b465ee728b)
Start importing Assets/UI_viAct/Property 1=Default.png using Guid(e9598ba259cdddf44a43cb1bfcff1d50) Importer(815301076,1909f56bfc062723c751e8b465ee728b)  -> (artifact id: '8af33a212c4898d38c5ef000649afd67') in 0.021267 seconds
Number of updated asset objects reloaded before import = 0
Number of asset objects unloaded after import = 3
========================================================================
Received Import Request.
  Time since last request: 0.000022 seconds.
  path: Assets/UI_viAct/Property 1=Variant2.png
  artifactKey: Guid(26d39b806e649e141ba905ee9446de8f) Importer(815301076,1909f56bfc062723c751e8b465ee728b)
Start importing Assets/UI_viAct/Property 1=Variant2.png using Guid(26d39b806e649e141ba905ee9446de8f) Importer(815301076,1909f56bfc062723c751e8b465ee728b)  -> (artifact id: 'c8bc37c123ace636393ef4a765f621e4') in 0.022520 seconds
Number of updated asset objects reloaded before import = 0
Number of asset objects unloaded after import = 3
========================================================================
Received Import Request.
  Time since last request: 0.108146 seconds.
  path: Assets/UI_viAct/Rectangle 4 (3).png
  artifactKey: Guid(798c8a586951c144586c1a07fca6c203) Importer(815301076,1909f56bfc062723c751e8b465ee728b)
Start importing Assets/UI_viAct/Rectangle 4 (3).png using Guid(798c8a586951c144586c1a07fca6c203) Importer(815301076,1909f56bfc062723c751e8b465ee728b)  -> (artifact id: '08cb70678a2026395db37b73e7628a30') in 0.047095 seconds
Number of updated asset objects reloaded before import = 0
Number of asset objects unloaded after import = 3
========================================================================
Received Import Request.
  Time since last request: 0.012664 seconds.
  path: Assets/UI_viAct/Rectangle 7.png
  artifactKey: Guid(b635c7aebdf08b54aba36908daa8fa4a) Importer(815301076,1909f56bfc062723c751e8b465ee728b)
Start importing Assets/UI_viAct/Rectangle 7.png using Guid(b635c7aebdf08b54aba36908daa8fa4a) Importer(815301076,1909f56bfc062723c751e8b465ee728b)  -> (artifact id: '6f136161bc2980c3064a6c00976b78b8') in 0.023169 seconds
Number of updated asset objects reloaded before import = 0
Number of asset objects unloaded after import = 3
========================================================================
Received Import Request.
  Time since last request: 0.635331 seconds.
  path: Assets/UI_viAct/Rectangle 7 (2) 1.png
  artifactKey: Guid(5cfae412e23d833428a5b1221f1e6787) Importer(815301076,1909f56bfc062723c751e8b465ee728b)
Start importing Assets/UI_viAct/Rectangle 7 (2) 1.png using Guid(5cfae412e23d833428a5b1221f1e6787) Importer(815301076,1909f56bfc062723c751e8b465ee728b)  -> (artifact id: 'a957c3fa193999e933e1a1247749fc23') in 0.012574 seconds
Number of updated asset objects reloaded before import = 0
Number of asset objects unloaded after import = 2
========================================================================
Received Import Request.
  Time since last request: 0.000016 seconds.
  path: Assets/UI_viAct/Rectangle 8.png
  artifactKey: Guid(527437669c6236d44935923ef10c33c7) Importer(815301076,1909f56bfc062723c751e8b465ee728b)
Start importing Assets/UI_viAct/Rectangle 8.png using Guid(527437669c6236d44935923ef10c33c7) Importer(815301076,1909f56bfc062723c751e8b465ee728b)  -> (artifact id: 'dfd8bda3e7780c7a0ed0f5b572cf2c50') in 0.015474 seconds
Number of updated asset objects reloaded before import = 0
Number of asset objects unloaded after import = 3
========================================================================
Received Import Request.
  Time since last request: 0.000076 seconds.
  path: Assets/UI_viAct/Rectangle 15.png
  artifactKey: Guid(e5c7ceaaa29e0174f9dc970e6931277b) Importer(815301076,1909f56bfc062723c751e8b465ee728b)
Start importing Assets/UI_viAct/Rectangle 15.png using Guid(e5c7ceaaa29e0174f9dc970e6931277b) Importer(815301076,1909f56bfc062723c751e8b465ee728b)  -> (artifact id: '82479e2f1b4c6f67442d207a36100882') in 0.032888 seconds
Number of updated asset objects reloaded before import = 0
Number of asset objects unloaded after import = 3
========================================================================
Received Import Request.
  Time since last request: 0.000455 seconds.
  path: Assets/UI_viAct/Rectangle 25.png
  artifactKey: Guid(cca0660800c67b54b98be0259fab6941) Importer(815301076,1909f56bfc062723c751e8b465ee728b)
Start importing Assets/UI_viAct/Rectangle 25.png using Guid(cca0660800c67b54b98be0259fab6941) Importer(815301076,1909f56bfc062723c751e8b465ee728b)  -> (artifact id: 'd430189dd9de1a1b90cffb294b9291a9') in 0.032437 seconds
Number of updated asset objects reloaded before import = 0
Number of asset objects unloaded after import = 3
========================================================================
Received Import Request.
  Time since last request: 0.000031 seconds.
  path: Assets/UI_viAct/Rectangle 17.png
  artifactKey: Guid(2597283fb9cd51549bde17e42ded08ed) Importer(815301076,1909f56bfc062723c751e8b465ee728b)
Start importing Assets/UI_viAct/Rectangle 17.png using Guid(2597283fb9cd51549bde17e42ded08ed) Importer(815301076,1909f56bfc062723c751e8b465ee728b)  -> (artifact id: 'affdd40e2efb70765d6a1cb6c5a883ef') in 0.041123 seconds
Number of updated asset objects reloaded before import = 0
Number of asset objects unloaded after import = 3
========================================================================
Received Import Request.
  Time since last request: 0.277293 seconds.
  path: Assets/UI_viAct/Rectangle 29.png
  artifactKey: Guid(cab2bc2b1cd65b64ea6ea3606513b27d) Importer(815301076,1909f56bfc062723c751e8b465ee728b)
Start importing Assets/UI_viAct/Rectangle 29.png using Guid(cab2bc2b1cd65b64ea6ea3606513b27d) Importer(815301076,1909f56bfc062723c751e8b465ee728b)  -> (artifact id: '5821f45a4ab37ab2db7d00c9ebaef822') in 0.018779 seconds
Number of updated asset objects reloaded before import = 0
Number of asset objects unloaded after import = 3
========================================================================
Received Import Request.
  Time since last request: 0.000019 seconds.
  path: Assets/UI_viAct/Rectangle 37.png
  artifactKey: Guid(456e8672911ce954c81fc6021c24e581) Importer(815301076,1909f56bfc062723c751e8b465ee728b)
Start importing Assets/UI_viAct/Rectangle 37.png using Guid(456e8672911ce954c81fc6021c24e581) Importer(815301076,1909f56bfc062723c751e8b465ee728b)  -> (artifact id: '509a232f4253ac2504625e7626727c72') in 0.016344 seconds
Number of updated asset objects reloaded before import = 0
Number of asset objects unloaded after import = 3
========================================================================
Received Import Request.
  Time since last request: 0.000031 seconds.
  path: Assets/UI_viAct/Rectangle 41.png
  artifactKey: Guid(234cf8f4032878445b4d26994177831d) Importer(815301076,1909f56bfc062723c751e8b465ee728b)
Start importing Assets/UI_viAct/Rectangle 41.png using Guid(234cf8f4032878445b4d26994177831d) Importer(815301076,1909f56bfc062723c751e8b465ee728b)  -> (artifact id: '4fb64779e616da486630189bd6057111') in 0.048342 seconds
Number of updated asset objects reloaded before import = 0
Number of asset objects unloaded after import = 3
========================================================================
Received Import Request.
  Time since last request: 0.000018 seconds.
  path: Assets/UI_viAct/Rectangle 44.png
  artifactKey: Guid(8267ecaaf8e917a4980499a0c1fbbb4a) Importer(815301076,1909f56bfc062723c751e8b465ee728b)
Start importing Assets/UI_viAct/Rectangle 44.png using Guid(8267ecaaf8e917a4980499a0c1fbbb4a) Importer(815301076,1909f56bfc062723c751e8b465ee728b)  -> (artifact id: 'e56d8088b6107aa3170780e485963b3e') in 0.018214 seconds
Number of updated asset objects reloaded before import = 0
Number of asset objects unloaded after import = 3
========================================================================
Received Import Request.
  Time since last request: 0.000221 seconds.
  path: Assets/UI_viAct/Rectangle 45.png
  artifactKey: Guid(ace592474de723047a86b1b4366fbf22) Importer(815301076,1909f56bfc062723c751e8b465ee728b)
Start importing Assets/UI_viAct/Rectangle 45.png using Guid(ace592474de723047a86b1b4366fbf22) Importer(815301076,1909f56bfc062723c751e8b465ee728b)  -> (artifact id: '117d9ea7ec64fa0448bbc6ef49435567') in 0.015925 seconds
Number of updated asset objects reloaded before import = 0
Number of asset objects unloaded after import = 3
========================================================================
Received Import Request.
  Time since last request: 0.000018 seconds.
  path: Assets/UI_viAct/Rectangle 47.png
  artifactKey: Guid(b4ef49b1736bce448b50d458e87103ad) Importer(815301076,1909f56bfc062723c751e8b465ee728b)
Start importing Assets/UI_viAct/Rectangle 47.png using Guid(b4ef49b1736bce448b50d458e87103ad) Importer(815301076,1909f56bfc062723c751e8b465ee728b)  -> (artifact id: '40b5a0faec4b079c1fc43a03949e4ddd') in 0.030458 seconds
Number of updated asset objects reloaded before import = 0
Number of asset objects unloaded after import = 3
========================================================================
Received Import Request.
  Time since last request: 0.452771 seconds.
  path: Assets/UI_viAct/Rectangle 51.png
  artifactKey: Guid(24b2b979eeb05ac45b272905d7140092) Importer(815301076,1909f56bfc062723c751e8b465ee728b)
Start importing Assets/UI_viAct/Rectangle 51.png using Guid(24b2b979eeb05ac45b272905d7140092) Importer(815301076,1909f56bfc062723c751e8b465ee728b)  -> (artifact id: 'eedb2e62d53531d66ea9b1d4808d2902') in 0.015819 seconds
Number of updated asset objects reloaded before import = 0
Number of asset objects unloaded after import = 3
========================================================================
Received Import Request.
  Time since last request: 0.155850 seconds.
  path: Assets/UI_viAct/Rectangle 55.png
  artifactKey: Guid(495206d5fbb01ec42a0b44aa7bc84cac) Importer(815301076,1909f56bfc062723c751e8b465ee728b)
Start importing Assets/UI_viAct/Rectangle 55.png using Guid(495206d5fbb01ec42a0b44aa7bc84cac) Importer(815301076,1909f56bfc062723c751e8b465ee728b)  -> (artifact id: 'e4522eb545ae93f36f2f47faf60ec0f1') in 0.032714 seconds
Number of updated asset objects reloaded before import = 0
Number of asset objects unloaded after import = 3
========================================================================
Received Import Request.
  Time since last request: 0.000018 seconds.
  path: Assets/UI_viAct/Rectangle 72.png
  artifactKey: Guid(da447416acb92374a864f0a1870df67b) Importer(815301076,1909f56bfc062723c751e8b465ee728b)
Start importing Assets/UI_viAct/Rectangle 72.png using Guid(da447416acb92374a864f0a1870df67b) Importer(815301076,1909f56bfc062723c751e8b465ee728b)  -> (artifact id: 'f95e12516841b4b6c343dd81d008d767') in 0.018195 seconds
Number of updated asset objects reloaded before import = 0
Number of asset objects unloaded after import = 3
========================================================================
Received Import Request.
  Time since last request: 0.000023 seconds.
  path: Assets/UI_viAct/Rectangle 955611 (1).png
  artifactKey: Guid(013cf718ff79b58499684ac01e7cdb80) Importer(815301076,1909f56bfc062723c751e8b465ee728b)
Start importing Assets/UI_viAct/Rectangle 955611 (1).png using Guid(013cf718ff79b58499684ac01e7cdb80) Importer(815301076,1909f56bfc062723c751e8b465ee728b)  -> (artifact id: 'f447d2e276e19f110246abc45f10c3e3') in 0.018423 seconds
Number of updated asset objects reloaded before import = 0
Number of asset objects unloaded after import = 3
========================================================================
Received Import Request.
  Time since last request: 0.006510 seconds.
  path: Assets/UI_viAct/Rectangle 955747.png
  artifactKey: Guid(3f550dc76ddc2f24291c7db9d9610639) Importer(815301076,1909f56bfc062723c751e8b465ee728b)
Start importing Assets/UI_viAct/Rectangle 955747.png using Guid(3f550dc76ddc2f24291c7db9d9610639) Importer(815301076,1909f56bfc062723c751e8b465ee728b)  -> (artifact id: 'b29ae444b9e800b47017cf4ddeccf761') in 0.021244 seconds
Number of updated asset objects reloaded before import = 0
Number of asset objects unloaded after import = 3
========================================================================
Received Import Request.
  Time since last request: 2.687783 seconds.
  path: Assets/UI_viAct/small-rain.png
  artifactKey: Guid(b2250b76f2cce0d4b9fd14d0cc6faaf7) Importer(815301076,1909f56bfc062723c751e8b465ee728b)
Start importing Assets/UI_viAct/small-rain.png using Guid(b2250b76f2cce0d4b9fd14d0cc6faaf7) Importer(815301076,1909f56bfc062723c751e8b465ee728b)  -> (artifact id: '2131b3cc7a0de128979bb81355fb507c') in 0.063284 seconds
Number of updated asset objects reloaded before import = 0
Number of asset objects unloaded after import = 3
========================================================================
Received Import Request.
  Time since last request: 0.000015 seconds.
  path: Assets/UI_viAct/Stacked Area 堆叠面积图 (1).png
  artifactKey: Guid(09284e3c5c85a3e43b63379be4ab9b3d) Importer(815301076,1909f56bfc062723c751e8b465ee728b)
Start importing Assets/UI_viAct/Stacked Area 堆叠面积图 (1).png using Guid(09284e3c5c85a3e43b63379be4ab9b3d) Importer(815301076,1909f56bfc062723c751e8b465ee728b)  -> (artifact id: 'a04edc3d243aa912e664333d15d15703') in 0.020780 seconds
Number of updated asset objects reloaded before import = 0
Number of asset objects unloaded after import = 3
========================================================================
Received Import Request.
  Time since last request: 3.927525 seconds.
  path: Assets/UI_viAct/Variant2 1.png
  artifactKey: Guid(fdbbbd171d10b494e873a29bf5923bd7) Importer(815301076,1909f56bfc062723c751e8b465ee728b)
Start importing Assets/UI_viAct/Variant2 1.png using Guid(fdbbbd171d10b494e873a29bf5923bd7) Importer(815301076,1909f56bfc062723c751e8b465ee728b)  -> (artifact id: '28e6a19f9cca25ed438240edfca09bd2') in 0.018776 seconds
Number of updated asset objects reloaded before import = 0
Number of asset objects unloaded after import = 3
========================================================================
Received Import Request.
  Time since last request: 37.935125 seconds.
  path: Assets/UI_viAct/Event Type (6).png
  artifactKey: Guid(1984c8c1fb6e3b64188e644a7f2666d2) Importer(815301076,1909f56bfc062723c751e8b465ee728b)
Start importing Assets/UI_viAct/Event Type (6).png using Guid(1984c8c1fb6e3b64188e644a7f2666d2) Importer(815301076,1909f56bfc062723c751e8b465ee728b)  -> (artifact id: '4a66e5f90b6b610501665146ed9748c3') in 0.056841 seconds
Number of updated asset objects reloaded before import = 0
Number of asset objects unloaded after import = 3
========================================================================
Received Import Request.
  Time since last request: 0.000017 seconds.
  path: Assets/UI_viAct/Event Type (8).png
  artifactKey: Guid(b03594ec723aa794a8ddf1f050e93f52) Importer(815301076,1909f56bfc062723c751e8b465ee728b)
Start importing Assets/UI_viAct/Event Type (8).png using Guid(b03594ec723aa794a8ddf1f050e93f52) Importer(815301076,1909f56bfc062723c751e8b465ee728b)  -> (artifact id: 'a507859f401212bb768b1c639f11925d') in 0.017387 seconds
Number of updated asset objects reloaded before import = 0
Number of asset objects unloaded after import = 3
========================================================================
Received Import Request.
  Time since last request: 20.261880 seconds.
  path: Assets/UI_viAct/AI Module 5.png
  artifactKey: Guid(e3f433d8fcc2cb846be1894ad8d07fad) Importer(815301076,1909f56bfc062723c751e8b465ee728b)
Start importing Assets/UI_viAct/AI Module 5.png using Guid(e3f433d8fcc2cb846be1894ad8d07fad) Importer(815301076,1909f56bfc062723c751e8b465ee728b)  -> (artifact id: '980584b1eddd4bb252840d9f29a43856') in 0.051519 seconds
Number of updated asset objects reloaded before import = 0
Number of asset objects unloaded after import = 3
========================================================================
Received Import Request.
  Time since last request: 0.313881 seconds.
  path: Assets/UI_viAct/AI Module 1.png
  artifactKey: Guid(5e1605876cd08b54399bf3418e106df5) Importer(815301076,1909f56bfc062723c751e8b465ee728b)
Start importing Assets/UI_viAct/AI Module 1.png using Guid(5e1605876cd08b54399bf3418e106df5) Importer(815301076,1909f56bfc062723c751e8b465ee728b)  -> (artifact id: 'c690cefb1126fc88a663b4e922a139b5') in 0.037988 seconds
Number of updated asset objects reloaded before import = 0
Number of asset objects unloaded after import = 3
Editor requested this worker to shutdown with reason: Scaling down because of idle timeout
TcpMessagingSession - receive error: operation aborted. errorcode: 995, details: The I/O operation has been aborted because of either a thread exit or an application request.
AssetImportWorker is now disconnected from the server
Process exiting
Exiting without the bug reporter. Application will terminate with return code 0